#
# There is insufficient memory for the Java Runtime Environment to continue.
# Native memory allocation (mmap) failed to map 130023424 bytes for committing reserved memory.
# Possible reasons:
#   The system is out of physical RAM or swap space
#   The process is running with CompressedOops enabled, and the Java Heap may be blocking the growth of the native heap
# Possible solutions:
#   Reduce memory load on the system
#   Increase physical memory or swap space
#   Check if swap backing store is full
#   Decrease Java heap size (-Xmx/-Xms)
#   Decrease number of Java threads
#   Decrease Java thread stack sizes (-Xss)
#   Set larger code cache with -XX:ReservedCodeCacheSize=
# This output file may be truncated or incomplete.
#
#  Out of Memory Error (os_linux.cpp:2706), pid=5187, tid=5193
#
# JRE version:  (10.0.2+13) (build )
# Java VM: OpenJDK 64-Bit Server VM (10.0.2+13-Ubuntu-1ubuntu0.18.04.4, mixed mode, aot, tiered, compressed oops, g1 gc, linux-amd64)
# Core dump will be written. Default location: Core dumps may be processed with "/usr/share/apport/apport %p %s %c %d %P" (or dumping to /home/excilys/cdb/projetCdb/core.5187)
#

---------------  S U M M A R Y ------------

Command Line: -Dfile.encoding=UTF-8 app.projetCdb.App

Host: Intel(R) Core(TM) i5-3320M CPU @ 2.60GHz, 4 cores, 7G, Ubuntu 18.04.1 LTS
Time: Tue Feb 12 17:56:25 2019 CET elapsed time: 0 seconds (0d 0h 0m 0s)

---------------  T H R E A D  ---------------

Current thread (0x00007f5728012000):  JavaThread "Unknown thread" [_thread_in_vm, id=5193, stack(0x00007f5731230000,0x00007f5731331000)]

Stack: [0x00007f5731230000,0x00007f5731331000],  sp=0x00007f573132f2e0,  free space=1020k
Native frames: (J=compiled Java code, A=aot compiled Java code, j=interpreted, Vv=VM code, C=native code)
V  [libjvm.so+0xd27ea4]
V  [libjvm.so+0xd28a4b]
V  [libjvm.so+0x64d415]
V  [libjvm.so+0xb2d7c8]
V  [libjvm.so+0xb2601d]
V  [libjvm.so+0x7662ff]
V  [libjvm.so+0x76653e]
V  [libjvm.so+0x769500]
V  [libjvm.so+0x7efa1c]
V  [libjvm.so+0x7f06df]
V  [libjvm.so+0x7f0b59]
V  [libjvm.so+0x7162cf]
V  [libjvm.so+0x71afd3]
V  [libjvm.so+0xce5dc2]
V  [libjvm.so+0xce60c6]
V  [libjvm.so+0x807d57]
V  [libjvm.so+0xcc7ac4]
V  [libjvm.so+0x8601b1]  JNI_CreateJavaVM+0x51
C  [libjli.so+0x3d83]
C  [libjli.so+0x89dd]
C  [libpthread.so.0+0x76db]  start_thread+0xdb


---------------  P R O C E S S  ---------------

Threads class SMR info:
_java_thread_list=0x00005555fc30bb20, length=0, elements={
}

Java Threads: ( => current thread )

Other Threads:
  0x00007f5728028800 GCTaskThread "GC Thread#0" [stack: 0x00007f572d357000,0x00007f572d457000] [id=5194]
  0x00007f572802a000 GCTaskThread "GC Thread#1" [stack: 0x00007f572d255000,0x00007f572d355000] [id=5195]
  0x00007f572802b800 GCTaskThread "GC Thread#2" [stack: 0x00007f572d153000,0x00007f572d253000] [id=5196]
  0x00007f572802d800 GCTaskThread "GC Thread#3" [stack: 0x00007f572d051000,0x00007f572d151000] [id=5197]
  0x00007f5728056800 ConcurrentGCThread "G1 Main Marker" [stack: 0x00007f570db75000,0x00007f570dc75000] [id=5198]
  0x00007f5728058800 ConcurrentGCThread "G1 Conc#0" [stack: 0x00007f570da73000,0x00007f570db73000] [id=5199]

[error occurred during error reporting (printing all threads), id 0xe0000002]

VM state:not at safepoint (not fully initialized)

VM Mutex/Monitor currently owned by a thread:  ([mutex/lock_event])
[0x00007f572800ebd0] Heap_lock - owner thread: 0x00007f5728012000

Heap address: 0x0000000085400000, size: 1964 MB, Compressed Oops mode: Non-zero based: 0x0000000085400000
Narrow klass base: 0x0000000000000000, Narrow klass shift: 0

GC Heap History (0 events):
No events

Deoptimization events (0 events):
No events

Classes redefined (0 events):
No events

Internal exceptions (0 events):
No events

Events (0 events):
No events


Dynamic libraries:
8d000000-100000000 ---p 00000000 00:00 0 
5555fa4fd000-5555fa4fe000 r-xp 00000000 08:01 4595244                    /usr/lib/jvm/java-11-openjdk-amd64/bin/java
5555fa6fe000-5555fa6ff000 r--p 00001000 08:01 4595244                    /usr/lib/jvm/java-11-openjdk-amd64/bin/java
5555fa6ff000-5555fa700000 rw-p 00002000 08:01 4595244                    /usr/lib/jvm/java-11-openjdk-amd64/bin/java
5555fc2f4000-5555fc315000 rw-p 00000000 00:00 0                          [heap]
7f56ec000000-7f56ec021000 rw-p 00000000 00:00 0 
7f56ec021000-7f56f0000000 ---p 00000000 00:00 0 
7f56f4000000-7f56f4021000 rw-p 00000000 00:00 0 
7f56f4021000-7f56f8000000 ---p 00000000 00:00 0 
7f56f8000000-7f56f8021000 rw-p 00000000 00:00 0 
7f56f8021000-7f56fc000000 ---p 00000000 00:00 0 
7f56fc150000-7f56fe150000 rw-p 00000000 00:00 0 
7f56fe150000-7f5700000000 ---p 00000000 00:00 0 
7f5700000000-7f5700021000 rw-p 00000000 00:00 0 
7f5700021000-7f5704000000 ---p 00000000 00:00 0 
7f5704000000-7f5704021000 rw-p 00000000 00:00 0 
7f5704021000-7f5708000000 ---p 00000000 00:00 0 
7f5708000000-7f5708021000 rw-p 00000000 00:00 0 
7f5708021000-7f570c000000 ---p 00000000 00:00 0 
7f570d66d000-7f570da71000 rw-p 00000000 00:00 0 
7f570da71000-7f570da72000 ---p 00000000 00:00 0 
7f570da72000-7f570db73000 rw-p 00000000 00:00 0 
7f570db73000-7f570db74000 ---p 00000000 00:00 0 
7f570db74000-7f570dc75000 rw-p 00000000 00:00 0 
7f570dc75000-7f570fb25000 ---p 00000000 00:00 0 
7f570fb25000-7f570fd95000 rwxp 00000000 00:00 0 
7f570fd95000-7f57100b5000 ---p 00000000 00:00 0 
7f57100b5000-7f5710325000 rwxp 00000000 00:00 0 
7f5710325000-7f57175ed000 ---p 00000000 00:00 0 
7f57175ed000-7f571785d000 rwxp 00000000 00:00 0 
7f571785d000-7f571eb25000 ---p 00000000 00:00 0 
7f571eb25000-7f5728000000 r--s 00000000 08:01 4595355                    /usr/lib/jvm/java-11-openjdk-amd64/lib/modules
7f5728000000-7f572806f000 rw-p 00000000 00:00 0 
7f572806f000-7f572c000000 ---p 00000000 00:00 0 
7f572c0c9000-7f572cc4b000 ---p 00000000 00:00 0 
7f572cc4b000-7f572d04f000 rw-p 00000000 00:00 0 
7f572d04f000-7f572d050000 ---p 00000000 00:00 0 
7f572d050000-7f572d151000 rw-p 00000000 00:00 0 
7f572d151000-7f572d152000 ---p 00000000 00:00 0 
7f572d152000-7f572d253000 rw-p 00000000 00:00 0 
7f572d253000-7f572d254000 ---p 00000000 00:00 0 
7f572d254000-7f572d355000 rw-p 00000000 00:00 0 
7f572d355000-7f572d356000 ---p 00000000 00:00 0 
7f572d356000-7f572d45c000 rw-p 00000000 00:00 0 
7f572d45c000-7f572d542000 ---p 00000000 00:00 0 
7f572d542000-7f572d547000 rw-p 00000000 00:00 0 
7f572d547000-7f572d62d000 ---p 00000000 00:00 0 
7f572d62d000-7f572d632000 r-xp 00000000 08:01 4595337                    /usr/lib/jvm/java-11-openjdk-amd64/lib/libjimage.so
7f572d632000-7f572d831000 ---p 00005000 08:01 4595337                    /usr/lib/jvm/java-11-openjdk-amd64/lib/libjimage.so
7f572d831000-7f572d832000 r--p 00004000 08:01 4595337                    /usr/lib/jvm/java-11-openjdk-amd64/lib/libjimage.so
7f572d832000-7f572d833000 rw-p 00005000 08:01 4595337                    /usr/lib/jvm/java-11-openjdk-amd64/lib/libjimage.so
7f572d833000-7f572d83a000 r-xp 00000000 08:01 4595354                    /usr/lib/jvm/java-11-openjdk-amd64/lib/libzip.so
7f572d83a000-7f572da39000 ---p 00007000 08:01 4595354                    /usr/lib/jvm/java-11-openjdk-amd64/lib/libzip.so
7f572da39000-7f572da3a000 r--p 00006000 08:01 4595354                    /usr/lib/jvm/java-11-openjdk-amd64/lib/libzip.so
7f572da3a000-7f572da3b000 rw-p 00007000 08:01 4595354                    /usr/lib/jvm/java-11-openjdk-amd64/lib/libzip.so
7f572da3b000-7f572da46000 r-xp 00000000 08:01 5772105                    /lib/x86_64-linux-gnu/libnss_files-2.27.so
7f572da46000-7f572dc45000 ---p 0000b000 08:01 5772105                    /lib/x86_64-linux-gnu/libnss_files-2.27.so
7f572dc45000-7f572dc46000 r--p 0000a000 08:01 5772105                    /lib/x86_64-linux-gnu/libnss_files-2.27.so
7f572dc46000-7f572dc47000 rw-p 0000b000 08:01 5772105                    /lib/x86_64-linux-gnu/libnss_files-2.27.so
7f572dc47000-7f572dc4d000 rw-p 00000000 00:00 0 
7f572dc4d000-7f572dc64000 r-xp 00000000 08:01 5772099                    /lib/x86_64-linux-gnu/libnsl-2.27.so
7f572dc64000-7f572de63000 ---p 00017000 08:01 5772099                    /lib/x86_64-linux-gnu/libnsl-2.27.so
7f572de63000-7f572de64000 r--p 00016000 08:01 5772099                    /lib/x86_64-linux-gnu/libnsl-2.27.so
7f572de64000-7f572de65000 rw-p 00017000 08:01 5772099                    /lib/x86_64-linux-gnu/libnsl-2.27.so
7f572de65000-7f572de67000 rw-p 00000000 00:00 0 
7f572de67000-7f572de72000 r-xp 00000000 08:01 5772116                    /lib/x86_64-linux-gnu/libnss_nis-2.27.so
7f572de72000-7f572e071000 ---p 0000b000 08:01 5772116                    /lib/x86_64-linux-gnu/libnss_nis-2.27.so
7f572e071000-7f572e072000 r--p 0000a000 08:01 5772116                    /lib/x86_64-linux-gnu/libnss_nis-2.27.so
7f572e072000-7f572e073000 rw-p 0000b000 08:01 5772116                    /lib/x86_64-linux-gnu/libnss_nis-2.27.so
7f572e073000-7f572e07b000 r-xp 00000000 08:01 5772101                    /lib/x86_64-linux-gnu/libnss_compat-2.27.so
7f572e07b000-7f572e27b000 ---p 00008000 08:01 5772101                    /lib/x86_64-linux-gnu/libnss_compat-2.27.so
7f572e27b000-7f572e27c000 r--p 00008000 08:01 5772101                    /lib/x86_64-linux-gnu/libnss_compat-2.27.so
7f572e27c000-7f572e27d000 rw-p 00009000 08:01 5772101                    /lib/x86_64-linux-gnu/libnss_compat-2.27.so
7f572e27d000-7f572e2a9000 r-xp 00000000 08:01 4595333                    /usr/lib/jvm/java-11-openjdk-amd64/lib/libjava.so
7f572e2a9000-7f572e4a8000 ---p 0002c000 08:01 4595333                    /usr/lib/jvm/java-11-openjdk-amd64/lib/libjava.so
7f572e4a8000-7f572e4a9000 r--p 0002b000 08:01 4595333                    /usr/lib/jvm/java-11-openjdk-amd64/lib/libjava.so
7f572e4a9000-7f572e4ab000 rw-p 0002c000 08:01 4595333                    /usr/lib/jvm/java-11-openjdk-amd64/lib/libjava.so
7f572e4ab000-7f572e4b8000 r-xp 00000000 08:01 4595353                    /usr/lib/jvm/java-11-openjdk-amd64/lib/libverify.so
7f572e4b8000-7f572e6b7000 ---p 0000d000 08:01 4595353                    /usr/lib/jvm/java-11-openjdk-amd64/lib/libverify.so
7f572e6b7000-7f572e6b9000 r--p 0000c000 08:01 4595353                    /usr/lib/jvm/java-11-openjdk-amd64/lib/libverify.so
7f572e6b9000-7f572e6ba000 rw-p 0000e000 08:01 4595353                    /usr/lib/jvm/java-11-openjdk-amd64/lib/libverify.so
7f572e6ba000-7f572e6c1000 r-xp 00000000 08:01 5772156                    /lib/x86_64-linux-gnu/librt-2.27.so
7f572e6c1000-7f572e8c0000 ---p 00007000 08:01 5772156                    /lib/x86_64-linux-gnu/librt-2.27.so
7f572e8c0000-7f572e8c1000 r--p 00006000 08:01 5772156                    /lib/x86_64-linux-gnu/librt-2.27.so
7f572e8c1000-7f572e8c2000 rw-p 00007000 08:01 5772156                    /lib/x86_64-linux-gnu/librt-2.27.so
7f572e8c2000-7f572e8d9000 r-xp 00000000 08:01 5771890                    /lib/x86_64-linux-gnu/libgcc_s.so.1
7f572e8d9000-7f572ead8000 ---p 00017000 08:01 5771890                    /lib/x86_64-linux-gnu/libgcc_s.so.1
7f572ead8000-7f572ead9000 r--p 00016000 08:01 5771890                    /lib/x86_64-linux-gnu/libgcc_s.so.1
7f572ead9000-7f572eada000 rw-p 00017000 08:01 5771890                    /lib/x86_64-linux-gnu/libgcc_s.so.1
7f572eada000-7f572ec77000 r-xp 00000000 08:01 5772078                    /lib/x86_64-linux-gnu/libm-2.27.so
7f572ec77000-7f572ee76000 ---p 0019d000 08:01 5772078                    /lib/x86_64-linux-gnu/libm-2.27.so
7f572ee76000-7f572ee77000 r--p 0019c000 08:01 5772078                    /lib/x86_64-linux-gnu/libm-2.27.so
7f572ee77000-7f572ee78000 rw-p 0019d000 08:01 5772078                    /lib/x86_64-linux-gnu/libm-2.27.so
7f572ee78000-7f572eff1000 r-xp 00000000 08:01 4197276                    /usr/lib/x86_64-linux-gnu/libstdc++.so.6.0.25
7f572eff1000-7f572f1f1000 ---p 00179000 08:01 4197276                    /usr/lib/x86_64-linux-gnu/libstdc++.so.6.0.25
7f572f1f1000-7f572f1fb000 r--p 00179000 08:01 4197276                    /usr/lib/x86_64-linux-gnu/libstdc++.so.6.0.25
7f572f1fb000-7f572f1fd000 rw-p 00183000 08:01 4197276                    /usr/lib/x86_64-linux-gnu/libstdc++.so.6.0.25
7f572f1fd000-7f572f201000 rw-p 00000000 00:00 0 
7f572f201000-7f573019e000 r-xp 00000000 08:01 4987976                    /usr/lib/jvm/java-11-openjdk-amd64/lib/server/libjvm.so
7f573019e000-7f573039e000 ---p 00f9d000 08:01 4987976                    /usr/lib/jvm/java-11-openjdk-amd64/lib/server/libjvm.so
7f573039e000-7f5730462000 r--p 00f9d000 08:01 4987976                    /usr/lib/jvm/java-11-openjdk-amd64/lib/server/libjvm.so
7f5730462000-7f573049a000 rw-p 01061000 08:01 4987976                    /usr/lib/jvm/java-11-openjdk-amd64/lib/server/libjvm.so
7f573049a000-7f57304e3000 rw-p 00000000 00:00 0 
7f57304e3000-7f57304fd000 r-xp 00000000 08:01 5772148                    /lib/x86_64-linux-gnu/libpthread-2.27.so
7f57304fd000-7f57306fc000 ---p 0001a000 08:01 5772148                    /lib/x86_64-linux-gnu/libpthread-2.27.so
7f57306fc000-7f57306fd000 r--p 00019000 08:01 5772148                    /lib/x86_64-linux-gnu/libpthread-2.27.so
7f57306fd000-7f57306fe000 rw-p 0001a000 08:01 5772148                    /lib/x86_64-linux-gnu/libpthread-2.27.so
7f57306fe000-7f5730702000 rw-p 00000000 00:00 0 
7f5730702000-7f5730705000 r-xp 00000000 08:01 5772038                    /lib/x86_64-linux-gnu/libdl-2.27.so
7f5730705000-7f5730904000 ---p 00003000 08:01 5772038                    /lib/x86_64-linux-gnu/libdl-2.27.so
7f5730904000-7f5730905000 r--p 00002000 08:01 5772038                    /lib/x86_64-linux-gnu/libdl-2.27.so
7f5730905000-7f5730906000 rw-p 00003000 08:01 5772038                    /lib/x86_64-linux-gnu/libdl-2.27.so
7f5730906000-7f5730922000 r-xp 00000000 08:01 5772187                    /lib/x86_64-linux-gnu/libz.so.1.2.11
7f5730922000-7f5730b21000 ---p 0001c000 08:01 5772187                    /lib/x86_64-linux-gnu/libz.so.1.2.11
7f5730b21000-7f5730b22000 r--p 0001b000 08:01 5772187                    /lib/x86_64-linux-gnu/libz.so.1.2.11
7f5730b22000-7f5730b23000 rw-p 0001c000 08:01 5772187                    /lib/x86_64-linux-gnu/libz.so.1.2.11
7f5730b23000-7f5730d0a000 r-xp 00000000 08:01 5772015                    /lib/x86_64-linux-gnu/libc-2.27.so
7f5730d0a000-7f5730f0a000 ---p 001e7000 08:01 5772015                    /lib/x86_64-linux-gnu/libc-2.27.so
7f5730f0a000-7f5730f0e000 r--p 001e7000 08:01 5772015                    /lib/x86_64-linux-gnu/libc-2.27.so
7f5730f0e000-7f5730f10000 rw-p 001eb000 08:01 5772015                    /lib/x86_64-linux-gnu/libc-2.27.so
7f5730f10000-7f5730f14000 rw-p 00000000 00:00 0 
7f5730f14000-7f5730f23000 r-xp 00000000 08:01 4987971                    /usr/lib/jvm/java-11-openjdk-amd64/lib/jli/libjli.so
7f5730f23000-7f5731122000 ---p 0000f000 08:01 4987971                    /usr/lib/jvm/java-11-openjdk-amd64/lib/jli/libjli.so
7f5731122000-7f5731123000 r--p 0000e000 08:01 4987971                    /usr/lib/jvm/java-11-openjdk-amd64/lib/jli/libjli.so
7f5731123000-7f5731124000 rw-p 0000f000 08:01 4987971                    /usr/lib/jvm/java-11-openjdk-amd64/lib/jli/libjli.so
7f5731124000-7f573114b000 r-xp 00000000 08:01 5771987                    /lib/x86_64-linux-gnu/ld-2.27.so
7f5731172000-7f5731230000 rw-p 00000000 00:00 0 
7f5731230000-7f5731234000 ---p 00000000 00:00 0 
7f5731234000-7f5731338000 rw-p 00000000 00:00 0 
7f5731338000-7f573133f000 ---p 00000000 00:00 0 
7f573133f000-7f5731347000 rw-s 00000000 08:01 5769304                    /tmp/hsperfdata_excilys/5187
7f5731347000-7f5731348000 ---p 00000000 00:00 0 
7f5731348000-7f5731349000 r--p 00000000 00:00 0 
7f5731349000-7f573134b000 rw-p 00000000 00:00 0 
7f573134b000-7f573134c000 r--p 00027000 08:01 5771987                    /lib/x86_64-linux-gnu/ld-2.27.so
7f573134c000-7f573134d000 rw-p 00028000 08:01 5771987                    /lib/x86_64-linux-gnu/ld-2.27.so
7f573134d000-7f573134e000 rw-p 00000000 00:00 0 
7ffca7fee000-7ffca800f000 rw-p 00000000 00:00 0                          [stack]
7ffca80c3000-7ffca80c6000 r--p 00000000 00:00 0                          [vvar]
7ffca80c6000-7ffca80c8000 r-xp 00000000 00:00 0                          [vdso]
ffffffffff600000-ffffffffff601000 r-xp 00000000 00:00 0                  [vsyscall]


VM Arguments:
jvm_args: -Dfile.encoding=UTF-8 
java_command: app.projetCdb.App
java_class_path (initial): /home/excilys/cdb/projetCdb/target/classes:/home/excilys/cdb/projetCdb/target/test-classes:/home/excilys/.p2/pool/plugins/org.junit.jupiter.api_5.3.1.v20181005-1442.jar:/home/excilys/.p2/pool/plugins/org.junit.jupiter.engine_5.3.1.v20181005-1442.jar:/home/excilys/.p2/pool/plugins/org.junit.jupiter.migrationsupport_5.3.1.v20181005-1442.jar:/home/excilys/.p2/pool/plugins/org.junit.jupiter.params_5.3.1.v20181005-1442.jar:/home/excilys/.p2/pool/plugins/org.junit.platform.commons_1.3.1.v20181005-1442.jar:/home/excilys/.p2/pool/plugins/org.junit.platform.engine_1.3.1.v20181005-1442.jar:/home/excilys/.p2/pool/plugins/org.junit.platform.launcher_1.3.1.v20181005-1442.jar:/home/excilys/.p2/pool/plugins/org.junit.platform.runner_1.3.1.v20181005-1442.jar:/home/excilys/.p2/pool/plugins/org.junit.platform.suite.api_1.3.1.v20181005-1442.jar:/home/excilys/.p2/pool/plugins/org.junit.vintage.engine_5.3.1.v20181005-1442.jar:/home/excilys/.p2/pool/plugins/org.opentest4j_1.1.1.v20181005-1442.jar:/home/excilys/.p2/pool/plugins/org.apiguardian_1.0.0.v20181005-1442.jar:/home/excilys/.p2/pool/plugins/org.junit_4.12.0.v201504281640/junit.jar:/home/excilys/.p2/pool/plugins/org.hamcrest.core_1.3.0.v20180420-1519.jar:/home/excilys/cdb/mysql-connector-java-8.0.15.jar
Launcher Type: SUN_STANDARD

Logging:
Log output configuration:
#0: stdout all=warning uptime,level,tags
#1: stderr all=off uptime,level,tags

Environment Variables:
PATH=/usr/local/sbin:/usr/local/bin:/usr/sbin:/usr/bin:/sbin:/bin:/usr/games:/usr/local/games:/snap/bin
USERNAME=excilys
SHELL=/bin/bash
DISPLAY=:0

Signal Handlers:
SIGSEGV: [libjvm.so+0xd28b70], sa_mask[0]=11111111011111111101111111111110, sa_flags=SA_RESTART|SA_SIGINFO
SIGBUS: [libjvm.so+0xd28b70], sa_mask[0]=11111111011111111101111111111110, sa_flags=SA_RESTART|SA_SIGINFO
SIGFPE: [libjvm.so+0xd28b70], sa_mask[0]=11111111011111111101111111111110, sa_flags=SA_RESTART|SA_SIGINFO
SIGPIPE: [libjvm.so+0xb2a1f0], sa_mask[0]=11111111011111111101111111111110, sa_flags=SA_RESTART|SA_SIGINFO
SIGXFSZ: [libjvm.so+0xb2a1f0], sa_mask[0]=11111111011111111101111111111110, sa_flags=SA_RESTART|SA_SIGINFO
SIGILL: [libjvm.so+0xd28b70], sa_mask[0]=11111111011111111101111111111110, sa_flags=SA_RESTART|SA_SIGINFO
SIGUSR2: [libjvm.so+0xb2a030], sa_mask[0]=00100000000000000000000000000000, sa_flags=SA_RESTART|SA_SIGINFO
SIGHUP: SIG_DFL, sa_mask[0]=00000000000000000000000000000000, sa_flags=none
SIGINT: SIG_DFL, sa_mask[0]=00000000000000000000000000000000, sa_flags=none
SIGTERM: SIG_DFL, sa_mask[0]=00000000000000000000000000000000, sa_flags=none
SIGQUIT: SIG_DFL, sa_mask[0]=00000000000000000000000000000000, sa_flags=none


---------------  S Y S T E M  ---------------

OS:DISTRIB_ID=Ubuntu
DISTRIB_RELEASE=18.04
DISTRIB_CODENAME=bionic
DISTRIB_DESCRIPTION="Ubuntu 18.04.1 LTS"
uname:Linux 4.15.0-45-generic #48-Ubuntu SMP Tue Jan 29 16:28:13 UTC 2019 x86_64
libc:glibc 2.27 NPTL 2.27 
rlimit: STACK 8192k, CORE 0k, NPROC 31166, NOFILE 4096, AS infinity, DATA infinity, FSIZE infinity
load average:2.44 1.87 1.35

/proc/meminfo:
MemTotal:        8039088 kB
MemFree:          124652 kB
MemAvailable:      47796 kB
Buffers:            2940 kB
Cached:           609952 kB
SwapCached:         1540 kB
Active:          6678536 kB
Inactive:         861748 kB
Active(anon):    6639852 kB
Inactive(anon):   836168 kB
Active(file):      38684 kB
Inactive(file):    25580 kB
Unevictable:          64 kB
Mlocked:              64 kB
SwapTotal:       2097148 kB
SwapFree:              0 kB
Dirty:               912 kB
Writeback:            20 kB
AnonPages:       6927044 kB
Mapped:           139880 kB
Shmem:            547764 kB
Slab:             131916 kB
SReclaimable:      51452 kB
SUnreclaim:        80464 kB
KernelStack:       29312 kB
PageTables:       126800 kB
NFS_Unstable:          0 kB
Bounce:                0 kB
WritebackTmp:          0 kB
CommitLimit:     6116692 kB
Committed_AS:   26479672 kB
VmallocTotal:   34359738367 kB
VmallocUsed:           0 kB
VmallocChunk:          0 kB
HardwareCorrupted:     0 kB
AnonHugePages:      8192 kB
ShmemHugePages:        0 kB
ShmemPmdMapped:        0 kB
CmaTotal:              0 kB
CmaFree:               0 kB
HugePages_Total:       0
HugePages_Free:        0
HugePages_Rsvd:        0
HugePages_Surp:        0
Hugepagesize:       2048 kB
DirectMap4k:      388792 kB
DirectMap2M:     7870464 kB

container (cgroup) information:
container_type: cgroupv1
cpu_cpuset_cpus: 0-3
cpu_memory_nodes: 0
active_processor_count: 4
cpu_quota: -1
cpu_period: 100000
cpu_shares: -1
memory_limit_in_bytes: -1
memory_and_swap_limit_in_bytes: -2
memory_soft_limit_in_bytes: -1
memory_usage_in_bytes: 7722098688
memory_max_usage_in_bytes: 274415616


CPU:total 4 (initial active 4) (2 cores per cpu, 2 threads per core) family 6 model 58 stepping 9, cmov, cx8, fxsr, mmx, sse, sse2, sse3, ssse3, sse4.1, sse4.2, popcnt, avx, aes, clmul, erms, ht, tsc, tscinvbit, tscinv
CPU Model and flags from /proc/cpuinfo:
model name	: Intel(R) Core(TM) i5-3320M CPU @ 2.60GHz
flags		: fpu vme de pse tsc msr pae mce cx8 apic sep mtrr pge mca cmov pat pse36 clflush dts acpi mmx fxsr sse sse2 ss ht tm pbe syscall nx rdtscp lm constant_tsc arch_perfmon pebs bts rep_good nopl xtopology nonstop_tsc cpuid aperfmperf pni pclmulqdq dtes64 monitor ds_cpl vmx smx est tm2 ssse3 cx16 xtpr pdcm pcid sse4_1 sse4_2 x2apic popcnt tsc_deadline_timer aes xsave avx f16c rdrand lahf_lm cpuid_fault epb pti ssbd ibrs ibpb stibp tpr_shadow vnmi flexpriority ept vpid fsgsbase smep erms xsaveopt dtherm ida arat pln pts flush_l1d

Memory: 4k page, physical 8039088k(124652k free), swap 2097148k(0k free)

vm_info: OpenJDK 64-Bit Server VM (10.0.2+13-Ubuntu-1ubuntu0.18.04.4) for linux-amd64 JRE (10.0.2+13-Ubuntu-1ubuntu0.18.04.4), built on Nov 13 2018 12:53:39 by "buildd" with gcc 7.3.0

END.
