#
# There is insufficient memory for the Java Runtime Environment to continue.
# Native memory allocation (mmap) failed to map 130023424 bytes for committing reserved memory.
# Possible reasons:
#   The system is out of physical RAM or swap space
#   The process is running with CompressedOops enabled, and the Java Heap may be blocking the growth of the native heap
# Possible solutions:
#   Reduce memory load on the system
#   Increase physical memory or swap space
#   Check if swap backing store is full
#   Decrease Java heap size (-Xmx/-Xms)
#   Decrease number of Java threads
#   Decrease Java thread stack sizes (-Xss)
#   Set larger code cache with -XX:ReservedCodeCacheSize=
# This output file may be truncated or incomplete.
#
#  Out of Memory Error (os_linux.cpp:2706), pid=5168, tid=5173
#
# JRE version:  (10.0.2+13) (build )
# Java VM: OpenJDK 64-Bit Server VM (10.0.2+13-Ubuntu-1ubuntu0.18.04.4, mixed mode, aot, tiered, compressed oops, g1 gc, linux-amd64)
# Core dump will be written. Default location: Core dumps may be processed with "/usr/share/apport/apport %p %s %c %d %P" (or dumping to /home/excilys/cdb/projetCdb/core.5168)
#

---------------  S U M M A R Y ------------

Command Line: -Dfile.encoding=UTF-8 app.projetCdb.App

Host: Intel(R) Core(TM) i5-3320M CPU @ 2.60GHz, 4 cores, 7G, Ubuntu 18.04.1 LTS
Time: Tue Feb 12 17:56:10 2019 CET elapsed time: 0 seconds (0d 0h 0m 0s)

---------------  T H R E A D  ---------------

Current thread (0x00007fcd78012000):  JavaThread "Unknown thread" [_thread_in_vm, id=5173, stack(0x00007fcd8163d000,0x00007fcd8173e000)]

Stack: [0x00007fcd8163d000,0x00007fcd8173e000],  sp=0x00007fcd8173c2e0,  free space=1020k
Native frames: (J=compiled Java code, A=aot compiled Java code, j=interpreted, Vv=VM code, C=native code)
V  [libjvm.so+0xd27ea4]
V  [libjvm.so+0xd28a4b]
V  [libjvm.so+0x64d415]
V  [libjvm.so+0xb2d7c8]
V  [libjvm.so+0xb2601d]
V  [libjvm.so+0x7662ff]
V  [libjvm.so+0x76653e]
V  [libjvm.so+0x769500]
V  [libjvm.so+0x7efa1c]
V  [libjvm.so+0x7f06df]
V  [libjvm.so+0x7f0b59]
V  [libjvm.so+0x7162cf]
V  [libjvm.so+0x71afd3]
V  [libjvm.so+0xce5dc2]
V  [libjvm.so+0xce60c6]
V  [libjvm.so+0x807d57]
V  [libjvm.so+0xcc7ac4]
V  [libjvm.so+0x8601b1]  JNI_CreateJavaVM+0x51
C  [libjli.so+0x3d83]
C  [libjli.so+0x89dd]
C  [libpthread.so.0+0x76db]  start_thread+0xdb


---------------  P R O C E S S  ---------------

Threads class SMR info:
_java_thread_list=0x00005562217d9b20, length=0, elements={
}

Java Threads: ( => current thread )

Other Threads:
  0x00007fcd78028800 GCTaskThread "GC Thread#0" [stack: 0x00007fcd7d764000,0x00007fcd7d864000] [id=5174]
  0x00007fcd7802a000 GCTaskThread "GC Thread#1" [stack: 0x00007fcd7d662000,0x00007fcd7d762000] [id=5175]
  0x00007fcd7802b800 GCTaskThread "GC Thread#2" [stack: 0x00007fcd7d560000,0x00007fcd7d660000] [id=5176]
  0x00007fcd7802d800 GCTaskThread "GC Thread#3" [stack: 0x00007fcd7d45e000,0x00007fcd7d55e000] [id=5177]
  0x00007fcd78056800 ConcurrentGCThread "G1 Main Marker" [stack: 0x00007fcd7c3d6000,0x00007fcd7c4d6000] [id=5178]
  0x00007fcd78058800 ConcurrentGCThread "G1 Conc#0" [stack: 0x00007fcd7c2d4000,0x00007fcd7c3d4000] [id=5179]

[error occurred during error reporting (printing all threads), id 0xe0000002]

VM state:not at safepoint (not fully initialized)

VM Mutex/Monitor currently owned by a thread:  ([mutex/lock_event])
[0x00007fcd7800ebd0] Heap_lock - owner thread: 0x00007fcd78012000

Heap address: 0x0000000085400000, size: 1964 MB, Compressed Oops mode: Non-zero based: 0x0000000085400000
Narrow klass base: 0x0000000000000000, Narrow klass shift: 0

GC Heap History (0 events):
No events

Deoptimization events (0 events):
No events

Classes redefined (0 events):
No events

Internal exceptions (0 events):
No events

Events (0 events):
No events


Dynamic libraries:
8d000000-100000000 ---p 00000000 00:00 0 
55621f90e000-55621f90f000 r-xp 00000000 08:01 4595244                    /usr/lib/jvm/java-11-openjdk-amd64/bin/java
55621fb0f000-55621fb10000 r--p 00001000 08:01 4595244                    /usr/lib/jvm/java-11-openjdk-amd64/bin/java
55621fb10000-55621fb11000 rw-p 00002000 08:01 4595244                    /usr/lib/jvm/java-11-openjdk-amd64/bin/java
5562217c2000-5562217e3000 rw-p 00000000 00:00 0                          [heap]
7fcd3c000000-7fcd3c021000 rw-p 00000000 00:00 0 
7fcd3c021000-7fcd40000000 ---p 00000000 00:00 0 
7fcd44000000-7fcd44021000 rw-p 00000000 00:00 0 
7fcd44021000-7fcd48000000 ---p 00000000 00:00 0 
7fcd48000000-7fcd48021000 rw-p 00000000 00:00 0 
7fcd48021000-7fcd4c000000 ---p 00000000 00:00 0 
7fcd4c150000-7fcd4e150000 rw-p 00000000 00:00 0 
7fcd4e150000-7fcd50000000 ---p 00000000 00:00 0 
7fcd50000000-7fcd50021000 rw-p 00000000 00:00 0 
7fcd50021000-7fcd54000000 ---p 00000000 00:00 0 
7fcd54000000-7fcd54021000 rw-p 00000000 00:00 0 
7fcd54021000-7fcd58000000 ---p 00000000 00:00 0 
7fcd58000000-7fcd58021000 rw-p 00000000 00:00 0 
7fcd58021000-7fcd5c000000 ---p 00000000 00:00 0 
7fcd5da73000-7fcd5dc75000 rw-p 00000000 00:00 0 
7fcd5dc75000-7fcd5fb25000 ---p 00000000 00:00 0 
7fcd5fb25000-7fcd5fd95000 rwxp 00000000 00:00 0 
7fcd5fd95000-7fcd600b5000 ---p 00000000 00:00 0 
7fcd600b5000-7fcd60325000 rwxp 00000000 00:00 0 
7fcd60325000-7fcd675ed000 ---p 00000000 00:00 0 
7fcd675ed000-7fcd6785d000 rwxp 00000000 00:00 0 
7fcd6785d000-7fcd6eb25000 ---p 00000000 00:00 0 
7fcd6eb25000-7fcd78000000 r--s 00000000 08:01 4595355                    /usr/lib/jvm/java-11-openjdk-amd64/lib/modules
7fcd78000000-7fcd7806f000 rw-p 00000000 00:00 0 
7fcd7806f000-7fcd7c000000 ---p 00000000 00:00 0 
7fcd7c0d0000-7fcd7c2d2000 rw-p 00000000 00:00 0 
7fcd7c2d2000-7fcd7c2d3000 ---p 00000000 00:00 0 
7fcd7c2d3000-7fcd7c3d4000 rw-p 00000000 00:00 0 
7fcd7c3d4000-7fcd7c3d5000 ---p 00000000 00:00 0 
7fcd7c3d5000-7fcd7c4d6000 rw-p 00000000 00:00 0 
7fcd7c4d6000-7fcd7d058000 ---p 00000000 00:00 0 
7fcd7d058000-7fcd7d45c000 rw-p 00000000 00:00 0 
7fcd7d45c000-7fcd7d45d000 ---p 00000000 00:00 0 
7fcd7d45d000-7fcd7d55e000 rw-p 00000000 00:00 0 
7fcd7d55e000-7fcd7d55f000 ---p 00000000 00:00 0 
7fcd7d55f000-7fcd7d660000 rw-p 00000000 00:00 0 
7fcd7d660000-7fcd7d661000 ---p 00000000 00:00 0 
7fcd7d661000-7fcd7d762000 rw-p 00000000 00:00 0 
7fcd7d762000-7fcd7d763000 ---p 00000000 00:00 0 
7fcd7d763000-7fcd7d869000 rw-p 00000000 00:00 0 
7fcd7d869000-7fcd7d94f000 ---p 00000000 00:00 0 
7fcd7d94f000-7fcd7d954000 rw-p 00000000 00:00 0 
7fcd7d954000-7fcd7da3a000 ---p 00000000 00:00 0 
7fcd7da3a000-7fcd7da3f000 r-xp 00000000 08:01 4595337                    /usr/lib/jvm/java-11-openjdk-amd64/lib/libjimage.so
7fcd7da3f000-7fcd7dc3e000 ---p 00005000 08:01 4595337                    /usr/lib/jvm/java-11-openjdk-amd64/lib/libjimage.so
7fcd7dc3e000-7fcd7dc3f000 r--p 00004000 08:01 4595337                    /usr/lib/jvm/java-11-openjdk-amd64/lib/libjimage.so
7fcd7dc3f000-7fcd7dc40000 rw-p 00005000 08:01 4595337                    /usr/lib/jvm/java-11-openjdk-amd64/lib/libjimage.so
7fcd7dc40000-7fcd7dc47000 r-xp 00000000 08:01 4595354                    /usr/lib/jvm/java-11-openjdk-amd64/lib/libzip.so
7fcd7dc47000-7fcd7de46000 ---p 00007000 08:01 4595354                    /usr/lib/jvm/java-11-openjdk-amd64/lib/libzip.so
7fcd7de46000-7fcd7de47000 r--p 00006000 08:01 4595354                    /usr/lib/jvm/java-11-openjdk-amd64/lib/libzip.so
7fcd7de47000-7fcd7de48000 rw-p 00007000 08:01 4595354                    /usr/lib/jvm/java-11-openjdk-amd64/lib/libzip.so
7fcd7de48000-7fcd7de53000 r-xp 00000000 08:01 5772105                    /lib/x86_64-linux-gnu/libnss_files-2.27.so
7fcd7de53000-7fcd7e052000 ---p 0000b000 08:01 5772105                    /lib/x86_64-linux-gnu/libnss_files-2.27.so
7fcd7e052000-7fcd7e053000 r--p 0000a000 08:01 5772105                    /lib/x86_64-linux-gnu/libnss_files-2.27.so
7fcd7e053000-7fcd7e054000 rw-p 0000b000 08:01 5772105                    /lib/x86_64-linux-gnu/libnss_files-2.27.so
7fcd7e054000-7fcd7e05a000 rw-p 00000000 00:00 0 
7fcd7e05a000-7fcd7e071000 r-xp 00000000 08:01 5772099                    /lib/x86_64-linux-gnu/libnsl-2.27.so
7fcd7e071000-7fcd7e270000 ---p 00017000 08:01 5772099                    /lib/x86_64-linux-gnu/libnsl-2.27.so
7fcd7e270000-7fcd7e271000 r--p 00016000 08:01 5772099                    /lib/x86_64-linux-gnu/libnsl-2.27.so
7fcd7e271000-7fcd7e272000 rw-p 00017000 08:01 5772099                    /lib/x86_64-linux-gnu/libnsl-2.27.so
7fcd7e272000-7fcd7e274000 rw-p 00000000 00:00 0 
7fcd7e274000-7fcd7e27f000 r-xp 00000000 08:01 5772116                    /lib/x86_64-linux-gnu/libnss_nis-2.27.so
7fcd7e27f000-7fcd7e47e000 ---p 0000b000 08:01 5772116                    /lib/x86_64-linux-gnu/libnss_nis-2.27.so
7fcd7e47e000-7fcd7e47f000 r--p 0000a000 08:01 5772116                    /lib/x86_64-linux-gnu/libnss_nis-2.27.so
7fcd7e47f000-7fcd7e480000 rw-p 0000b000 08:01 5772116                    /lib/x86_64-linux-gnu/libnss_nis-2.27.so
7fcd7e480000-7fcd7e488000 r-xp 00000000 08:01 5772101                    /lib/x86_64-linux-gnu/libnss_compat-2.27.so
7fcd7e488000-7fcd7e688000 ---p 00008000 08:01 5772101                    /lib/x86_64-linux-gnu/libnss_compat-2.27.so
7fcd7e688000-7fcd7e689000 r--p 00008000 08:01 5772101                    /lib/x86_64-linux-gnu/libnss_compat-2.27.so
7fcd7e689000-7fcd7e68a000 rw-p 00009000 08:01 5772101                    /lib/x86_64-linux-gnu/libnss_compat-2.27.so
7fcd7e68a000-7fcd7e6b6000 r-xp 00000000 08:01 4595333                    /usr/lib/jvm/java-11-openjdk-amd64/lib/libjava.so
7fcd7e6b6000-7fcd7e8b5000 ---p 0002c000 08:01 4595333                    /usr/lib/jvm/java-11-openjdk-amd64/lib/libjava.so
7fcd7e8b5000-7fcd7e8b6000 r--p 0002b000 08:01 4595333                    /usr/lib/jvm/java-11-openjdk-amd64/lib/libjava.so
7fcd7e8b6000-7fcd7e8b8000 rw-p 0002c000 08:01 4595333                    /usr/lib/jvm/java-11-openjdk-amd64/lib/libjava.so
7fcd7e8b8000-7fcd7e8c5000 r-xp 00000000 08:01 4595353                    /usr/lib/jvm/java-11-openjdk-amd64/lib/libverify.so
7fcd7e8c5000-7fcd7eac4000 ---p 0000d000 08:01 4595353                    /usr/lib/jvm/java-11-openjdk-amd64/lib/libverify.so
7fcd7eac4000-7fcd7eac6000 r--p 0000c000 08:01 4595353                    /usr/lib/jvm/java-11-openjdk-amd64/lib/libverify.so
7fcd7eac6000-7fcd7eac7000 rw-p 0000e000 08:01 4595353                    /usr/lib/jvm/java-11-openjdk-amd64/lib/libverify.so
7fcd7eac7000-7fcd7eace000 r-xp 00000000 08:01 5772156                    /lib/x86_64-linux-gnu/librt-2.27.so
7fcd7eace000-7fcd7eccd000 ---p 00007000 08:01 5772156                    /lib/x86_64-linux-gnu/librt-2.27.so
7fcd7eccd000-7fcd7ecce000 r--p 00006000 08:01 5772156                    /lib/x86_64-linux-gnu/librt-2.27.so
7fcd7ecce000-7fcd7eccf000 rw-p 00007000 08:01 5772156                    /lib/x86_64-linux-gnu/librt-2.27.so
7fcd7eccf000-7fcd7ece6000 r-xp 00000000 08:01 5771890                    /lib/x86_64-linux-gnu/libgcc_s.so.1
7fcd7ece6000-7fcd7eee5000 ---p 00017000 08:01 5771890                    /lib/x86_64-linux-gnu/libgcc_s.so.1
7fcd7eee5000-7fcd7eee6000 r--p 00016000 08:01 5771890                    /lib/x86_64-linux-gnu/libgcc_s.so.1
7fcd7eee6000-7fcd7eee7000 rw-p 00017000 08:01 5771890                    /lib/x86_64-linux-gnu/libgcc_s.so.1
7fcd7eee7000-7fcd7f084000 r-xp 00000000 08:01 5772078                    /lib/x86_64-linux-gnu/libm-2.27.so
7fcd7f084000-7fcd7f283000 ---p 0019d000 08:01 5772078                    /lib/x86_64-linux-gnu/libm-2.27.so
7fcd7f283000-7fcd7f284000 r--p 0019c000 08:01 5772078                    /lib/x86_64-linux-gnu/libm-2.27.so
7fcd7f284000-7fcd7f285000 rw-p 0019d000 08:01 5772078                    /lib/x86_64-linux-gnu/libm-2.27.so
7fcd7f285000-7fcd7f3fe000 r-xp 00000000 08:01 4197276                    /usr/lib/x86_64-linux-gnu/libstdc++.so.6.0.25
7fcd7f3fe000-7fcd7f5fe000 ---p 00179000 08:01 4197276                    /usr/lib/x86_64-linux-gnu/libstdc++.so.6.0.25
7fcd7f5fe000-7fcd7f608000 r--p 00179000 08:01 4197276                    /usr/lib/x86_64-linux-gnu/libstdc++.so.6.0.25
7fcd7f608000-7fcd7f60a000 rw-p 00183000 08:01 4197276                    /usr/lib/x86_64-linux-gnu/libstdc++.so.6.0.25
7fcd7f60a000-7fcd7f60e000 rw-p 00000000 00:00 0 
7fcd7f60e000-7fcd805ab000 r-xp 00000000 08:01 4987976                    /usr/lib/jvm/java-11-openjdk-amd64/lib/server/libjvm.so
7fcd805ab000-7fcd807ab000 ---p 00f9d000 08:01 4987976                    /usr/lib/jvm/java-11-openjdk-amd64/lib/server/libjvm.so
7fcd807ab000-7fcd8086f000 r--p 00f9d000 08:01 4987976                    /usr/lib/jvm/java-11-openjdk-amd64/lib/server/libjvm.so
7fcd8086f000-7fcd808a7000 rw-p 01061000 08:01 4987976                    /usr/lib/jvm/java-11-openjdk-amd64/lib/server/libjvm.so
7fcd808a7000-7fcd808f0000 rw-p 00000000 00:00 0 
7fcd808f0000-7fcd8090a000 r-xp 00000000 08:01 5772148                    /lib/x86_64-linux-gnu/libpthread-2.27.so
7fcd8090a000-7fcd80b09000 ---p 0001a000 08:01 5772148                    /lib/x86_64-linux-gnu/libpthread-2.27.so
7fcd80b09000-7fcd80b0a000 r--p 00019000 08:01 5772148                    /lib/x86_64-linux-gnu/libpthread-2.27.so
7fcd80b0a000-7fcd80b0b000 rw-p 0001a000 08:01 5772148                    /lib/x86_64-linux-gnu/libpthread-2.27.so
7fcd80b0b000-7fcd80b0f000 rw-p 00000000 00:00 0 
7fcd80b0f000-7fcd80b12000 r-xp 00000000 08:01 5772038                    /lib/x86_64-linux-gnu/libdl-2.27.so
7fcd80b12000-7fcd80d11000 ---p 00003000 08:01 5772038                    /lib/x86_64-linux-gnu/libdl-2.27.so
7fcd80d11000-7fcd80d12000 r--p 00002000 08:01 5772038                    /lib/x86_64-linux-gnu/libdl-2.27.so
7fcd80d12000-7fcd80d13000 rw-p 00003000 08:01 5772038                    /lib/x86_64-linux-gnu/libdl-2.27.so
7fcd80d13000-7fcd80d2f000 r-xp 00000000 08:01 5772187                    /lib/x86_64-linux-gnu/libz.so.1.2.11
7fcd80d2f000-7fcd80f2e000 ---p 0001c000 08:01 5772187                    /lib/x86_64-linux-gnu/libz.so.1.2.11
7fcd80f2e000-7fcd80f2f000 r--p 0001b000 08:01 5772187                    /lib/x86_64-linux-gnu/libz.so.1.2.11
7fcd80f2f000-7fcd80f30000 rw-p 0001c000 08:01 5772187                    /lib/x86_64-linux-gnu/libz.so.1.2.11
7fcd80f30000-7fcd81117000 r-xp 00000000 08:01 5772015                    /lib/x86_64-linux-gnu/libc-2.27.so
7fcd81117000-7fcd81317000 ---p 001e7000 08:01 5772015                    /lib/x86_64-linux-gnu/libc-2.27.so
7fcd81317000-7fcd8131b000 r--p 001e7000 08:01 5772015                    /lib/x86_64-linux-gnu/libc-2.27.so
7fcd8131b000-7fcd8131d000 rw-p 001eb000 08:01 5772015                    /lib/x86_64-linux-gnu/libc-2.27.so
7fcd8131d000-7fcd81321000 rw-p 00000000 00:00 0 
7fcd81321000-7fcd81330000 r-xp 00000000 08:01 4987971                    /usr/lib/jvm/java-11-openjdk-amd64/lib/jli/libjli.so
7fcd81330000-7fcd8152f000 ---p 0000f000 08:01 4987971                    /usr/lib/jvm/java-11-openjdk-amd64/lib/jli/libjli.so
7fcd8152f000-7fcd81530000 r--p 0000e000 08:01 4987971                    /usr/lib/jvm/java-11-openjdk-amd64/lib/jli/libjli.so
7fcd81530000-7fcd81531000 rw-p 0000f000 08:01 4987971                    /usr/lib/jvm/java-11-openjdk-amd64/lib/jli/libjli.so
7fcd81531000-7fcd81558000 r-xp 00000000 08:01 5771987                    /lib/x86_64-linux-gnu/ld-2.27.so
7fcd8157f000-7fcd8163d000 rw-p 00000000 00:00 0 
7fcd8163d000-7fcd81641000 ---p 00000000 00:00 0 
7fcd81641000-7fcd81745000 rw-p 00000000 00:00 0 
7fcd81745000-7fcd8174c000 ---p 00000000 00:00 0 
7fcd8174c000-7fcd81754000 rw-s 00000000 08:01 5769304                    /tmp/hsperfdata_excilys/5168
7fcd81754000-7fcd81755000 ---p 00000000 00:00 0 
7fcd81755000-7fcd81756000 r--p 00000000 00:00 0 
7fcd81756000-7fcd81758000 rw-p 00000000 00:00 0 
7fcd81758000-7fcd81759000 r--p 00027000 08:01 5771987                    /lib/x86_64-linux-gnu/ld-2.27.so
7fcd81759000-7fcd8175a000 rw-p 00028000 08:01 5771987                    /lib/x86_64-linux-gnu/ld-2.27.so
7fcd8175a000-7fcd8175b000 rw-p 00000000 00:00 0 
7ffe8c629000-7ffe8c64a000 rw-p 00000000 00:00 0                          [stack]
7ffe8c7ab000-7ffe8c7ae000 r--p 00000000 00:00 0                          [vvar]
7ffe8c7ae000-7ffe8c7b0000 r-xp 00000000 00:00 0                          [vdso]
ffffffffff600000-ffffffffff601000 r-xp 00000000 00:00 0                  [vsyscall]


VM Arguments:
jvm_args: -Dfile.encoding=UTF-8 
java_command: app.projetCdb.App
java_class_path (initial): /home/excilys/cdb/projetCdb/target/classes:/home/excilys/cdb/projetCdb/target/test-classes:/home/excilys/.p2/pool/plugins/org.junit.jupiter.api_5.3.1.v20181005-1442.jar:/home/excilys/.p2/pool/plugins/org.junit.jupiter.engine_5.3.1.v20181005-1442.jar:/home/excilys/.p2/pool/plugins/org.junit.jupiter.migrationsupport_5.3.1.v20181005-1442.jar:/home/excilys/.p2/pool/plugins/org.junit.jupiter.params_5.3.1.v20181005-1442.jar:/home/excilys/.p2/pool/plugins/org.junit.platform.commons_1.3.1.v20181005-1442.jar:/home/excilys/.p2/pool/plugins/org.junit.platform.engine_1.3.1.v20181005-1442.jar:/home/excilys/.p2/pool/plugins/org.junit.platform.launcher_1.3.1.v20181005-1442.jar:/home/excilys/.p2/pool/plugins/org.junit.platform.runner_1.3.1.v20181005-1442.jar:/home/excilys/.p2/pool/plugins/org.junit.platform.suite.api_1.3.1.v20181005-1442.jar:/home/excilys/.p2/pool/plugins/org.junit.vintage.engine_5.3.1.v20181005-1442.jar:/home/excilys/.p2/pool/plugins/org.opentest4j_1.1.1.v20181005-1442.jar:/home/excilys/.p2/pool/plugins/org.apiguardian_1.0.0.v20181005-1442.jar:/home/excilys/.p2/pool/plugins/org.junit_4.12.0.v201504281640/junit.jar:/home/excilys/.p2/pool/plugins/org.hamcrest.core_1.3.0.v20180420-1519.jar:/home/excilys/cdb/mysql-connector-java-8.0.15.jar
Launcher Type: SUN_STANDARD

Logging:
Log output configuration:
#0: stdout all=warning uptime,level,tags
#1: stderr all=off uptime,level,tags

Environment Variables:
PATH=/usr/local/sbin:/usr/local/bin:/usr/sbin:/usr/bin:/sbin:/bin:/usr/games:/usr/local/games:/snap/bin
USERNAME=excilys
SHELL=/bin/bash
DISPLAY=:0

Signal Handlers:
SIGSEGV: [libjvm.so+0xd28b70], sa_mask[0]=11111111011111111101111111111110, sa_flags=SA_RESTART|SA_SIGINFO
SIGBUS: [libjvm.so+0xd28b70], sa_mask[0]=11111111011111111101111111111110, sa_flags=SA_RESTART|SA_SIGINFO
SIGFPE: [libjvm.so+0xd28b70], sa_mask[0]=11111111011111111101111111111110, sa_flags=SA_RESTART|SA_SIGINFO
SIGPIPE: [libjvm.so+0xb2a1f0], sa_mask[0]=11111111011111111101111111111110, sa_flags=SA_RESTART|SA_SIGINFO
SIGXFSZ: [libjvm.so+0xb2a1f0], sa_mask[0]=11111111011111111101111111111110, sa_flags=SA_RESTART|SA_SIGINFO
SIGILL: [libjvm.so+0xd28b70], sa_mask[0]=11111111011111111101111111111110, sa_flags=SA_RESTART|SA_SIGINFO
SIGUSR2: [libjvm.so+0xb2a030], sa_mask[0]=00100000000000000000000000000000, sa_flags=SA_RESTART|SA_SIGINFO
SIGHUP: SIG_DFL, sa_mask[0]=00000000000000000000000000000000, sa_flags=none
SIGINT: SIG_DFL, sa_mask[0]=00000000000000000000000000000000, sa_flags=none
SIGTERM: SIG_DFL, sa_mask[0]=00000000000000000000000000000000, sa_flags=none
SIGQUIT: SIG_DFL, sa_mask[0]=00000000000000000000000000000000, sa_flags=none


---------------  S Y S T E M  ---------------

OS:DISTRIB_ID=Ubuntu
DISTRIB_RELEASE=18.04
DISTRIB_CODENAME=bionic
DISTRIB_DESCRIPTION="Ubuntu 18.04.1 LTS"
uname:Linux 4.15.0-45-generic #48-Ubuntu SMP Tue Jan 29 16:28:13 UTC 2019 x86_64
libc:glibc 2.27 NPTL 2.27 
rlimit: STACK 8192k, CORE 0k, NPROC 31166, NOFILE 4096, AS infinity, DATA infinity, FSIZE infinity
load average:3.14 1.97 1.37

/proc/meminfo:
MemTotal:        8039088 kB
MemFree:          124312 kB
MemAvailable:      56736 kB
Buffers:            2992 kB
Cached:           629492 kB
SwapCached:          984 kB
Active:          6672316 kB
Inactive:         867108 kB
Active(anon):    6625000 kB
Inactive(anon):   831596 kB
Active(file):      47316 kB
Inactive(file):    35512 kB
Unevictable:          64 kB
Mlocked:              64 kB
SwapTotal:       2097148 kB
SwapFree:              0 kB
Dirty:               976 kB
Writeback:             0 kB
AnonPages:       6907064 kB
Mapped:           157256 kB
Shmem:            549300 kB
Slab:             131872 kB
SReclaimable:      51444 kB
SUnreclaim:        80428 kB
KernelStack:       29400 kB
PageTables:       126904 kB
NFS_Unstable:          0 kB
Bounce:                0 kB
WritebackTmp:          0 kB
CommitLimit:     6116692 kB
Committed_AS:   26470748 kB
VmallocTotal:   34359738367 kB
VmallocUsed:           0 kB
VmallocChunk:          0 kB
HardwareCorrupted:     0 kB
AnonHugePages:      8192 kB
ShmemHugePages:        0 kB
ShmemPmdMapped:        0 kB
CmaTotal:              0 kB
CmaFree:               0 kB
HugePages_Total:       0
HugePages_Free:        0
HugePages_Rsvd:        0
HugePages_Surp:        0
Hugepagesize:       2048 kB
DirectMap4k:      388792 kB
DirectMap2M:     7870464 kB

container (cgroup) information:
container_type: cgroupv1
cpu_cpuset_cpus: 0-3
cpu_memory_nodes: 0
active_processor_count: 4
cpu_quota: -1
cpu_period: 100000
cpu_shares: -1
memory_limit_in_bytes: -1
memory_and_swap_limit_in_bytes: -2
memory_soft_limit_in_bytes: -1
memory_usage_in_bytes: 7722119168
memory_max_usage_in_bytes: 274415616


CPU:total 4 (initial active 4) (2 cores per cpu, 2 threads per core) family 6 model 58 stepping 9, cmov, cx8, fxsr, mmx, sse, sse2, sse3, ssse3, sse4.1, sse4.2, popcnt, avx, aes, clmul, erms, ht, tsc, tscinvbit, tscinv
CPU Model and flags from /proc/cpuinfo:
model name	: Intel(R) Core(TM) i5-3320M CPU @ 2.60GHz
flags		: fpu vme de pse tsc msr pae mce cx8 apic sep mtrr pge mca cmov pat pse36 clflush dts acpi mmx fxsr sse sse2 ss ht tm pbe syscall nx rdtscp lm constant_tsc arch_perfmon pebs bts rep_good nopl xtopology nonstop_tsc cpuid aperfmperf pni pclmulqdq dtes64 monitor ds_cpl vmx smx est tm2 ssse3 cx16 xtpr pdcm pcid sse4_1 sse4_2 x2apic popcnt tsc_deadline_timer aes xsave avx f16c rdrand lahf_lm cpuid_fault epb pti ssbd ibrs ibpb stibp tpr_shadow vnmi flexpriority ept vpid fsgsbase smep erms xsaveopt dtherm ida arat pln pts flush_l1d

Memory: 4k page, physical 8039088k(123692k free), swap 2097148k(0k free)

vm_info: OpenJDK 64-Bit Server VM (10.0.2+13-Ubuntu-1ubuntu0.18.04.4) for linux-amd64 JRE (10.0.2+13-Ubuntu-1ubuntu0.18.04.4), built on Nov 13 2018 12:53:39 by "buildd" with gcc 7.3.0

END.
