#
# There is insufficient memory for the Java Runtime Environment to continue.
# Native memory allocation (mmap) failed to map 130023424 bytes for committing reserved memory.
# Possible reasons:
#   The system is out of physical RAM or swap space
#   The process is running with CompressedOops enabled, and the Java Heap may be blocking the growth of the native heap
# Possible solutions:
#   Reduce memory load on the system
#   Increase physical memory or swap space
#   Check if swap backing store is full
#   Decrease Java heap size (-Xmx/-Xms)
#   Decrease number of Java threads
#   Decrease Java thread stack sizes (-Xss)
#   Set larger code cache with -XX:ReservedCodeCacheSize=
# This output file may be truncated or incomplete.
#
#  Out of Memory Error (os_linux.cpp:2706), pid=15333, tid=15341
#
# JRE version:  (10.0.2+13) (build )
# Java VM: OpenJDK 64-Bit Server VM (10.0.2+13-Ubuntu-1ubuntu0.18.04.4, mixed mode, aot, tiered, compressed oops, g1 gc, linux-amd64)
# Core dump will be written. Default location: Core dumps may be processed with "/usr/share/apport/apport %p %s %c %d %P" (or dumping to /home/excilys/cdb/projetCdb/core.15333)
#

---------------  S U M M A R Y ------------

Command Line: -Dfile.encoding=UTF-8 app.projetCdb.App

Host: Intel(R) Core(TM) i5-3320M CPU @ 2.60GHz, 4 cores, 7G, Ubuntu 18.04.2 LTS
Time: Wed Feb 13 16:09:02 2019 CET elapsed time: 0 seconds (0d 0h 0m 0s)

---------------  T H R E A D  ---------------

Current thread (0x00007f69b4012000):  JavaThread "Unknown thread" [_thread_in_vm, id=15341, stack(0x00007f69bc23f000,0x00007f69bc340000)]

Stack: [0x00007f69bc23f000,0x00007f69bc340000],  sp=0x00007f69bc33e2e0,  free space=1020k
Native frames: (J=compiled Java code, A=aot compiled Java code, j=interpreted, Vv=VM code, C=native code)
V  [libjvm.so+0xd27ea4]
V  [libjvm.so+0xd28a4b]
V  [libjvm.so+0x64d415]
V  [libjvm.so+0xb2d7c8]
V  [libjvm.so+0xb2601d]
V  [libjvm.so+0x7662ff]
V  [libjvm.so+0x76653e]
V  [libjvm.so+0x769500]
V  [libjvm.so+0x7efa1c]
V  [libjvm.so+0x7f06df]
V  [libjvm.so+0x7f0b59]
V  [libjvm.so+0x7162cf]
V  [libjvm.so+0x71afd3]
V  [libjvm.so+0xce5dc2]
V  [libjvm.so+0xce60c6]
V  [libjvm.so+0x807d57]
V  [libjvm.so+0xcc7ac4]
V  [libjvm.so+0x8601b1]  JNI_CreateJavaVM+0x51
C  [libjli.so+0x3d83]
C  [libjli.so+0x89dd]
C  [libpthread.so.0+0x76db]  start_thread+0xdb


---------------  P R O C E S S  ---------------

Threads class SMR info:
_java_thread_list=0x000055b743807b20, length=0, elements={
}

Java Threads: ( => current thread )

Other Threads:
  0x00007f69b4028800 GCTaskThread "GC Thread#0" [stack: 0x00007f69b8366000,0x00007f69b8466000] [id=15342]
  0x00007f69b402a000 GCTaskThread "GC Thread#1" [stack: 0x00007f69b8264000,0x00007f69b8364000] [id=15343]
  0x00007f69b402b800 GCTaskThread "GC Thread#2" [stack: 0x00007f69b8162000,0x00007f69b8262000] [id=15344]
  0x00007f69b402d800 GCTaskThread "GC Thread#3" [stack: 0x00007f69b8060000,0x00007f69b8160000] [id=15345]
  0x00007f69b4056800 ConcurrentGCThread "G1 Main Marker" [stack: 0x00007f6998bef000,0x00007f6998cef000] [id=15346]
  0x00007f69b4058800 ConcurrentGCThread "G1 Conc#0" [stack: 0x00007f6998aed000,0x00007f6998bed000] [id=15347]

[error occurred during error reporting (printing all threads), id 0xe0000002]

VM state:not at safepoint (not fully initialized)

VM Mutex/Monitor currently owned by a thread:  ([mutex/lock_event])
[0x00007f69b400ebd0] Heap_lock - owner thread: 0x00007f69b4012000

Heap address: 0x0000000085400000, size: 1964 MB, Compressed Oops mode: Non-zero based: 0x0000000085400000
Narrow klass base: 0x0000000000000000, Narrow klass shift: 0

GC Heap History (0 events):
No events

Deoptimization events (0 events):
No events

Classes redefined (0 events):
No events

Internal exceptions (0 events):
No events

Events (0 events):
No events


Dynamic libraries:
8d000000-100000000 ---p 00000000 00:00 0 
55b742716000-55b742717000 r-xp 00000000 08:01 4595244                    /usr/lib/jvm/java-11-openjdk-amd64/bin/java
55b742917000-55b742918000 r--p 00001000 08:01 4595244                    /usr/lib/jvm/java-11-openjdk-amd64/bin/java
55b742918000-55b742919000 rw-p 00002000 08:01 4595244                    /usr/lib/jvm/java-11-openjdk-amd64/bin/java
55b7437f0000-55b743811000 rw-p 00000000 00:00 0                          [heap]
7f6978000000-7f6978021000 rw-p 00000000 00:00 0 
7f6978021000-7f697c000000 ---p 00000000 00:00 0 
7f6980000000-7f6980021000 rw-p 00000000 00:00 0 
7f6980021000-7f6984000000 ---p 00000000 00:00 0 
7f6984000000-7f6984021000 rw-p 00000000 00:00 0 
7f6984021000-7f6988000000 ---p 00000000 00:00 0 
7f6988150000-7f698a150000 rw-p 00000000 00:00 0 
7f698a150000-7f698c000000 ---p 00000000 00:00 0 
7f698c000000-7f698c021000 rw-p 00000000 00:00 0 
7f698c021000-7f6990000000 ---p 00000000 00:00 0 
7f6990000000-7f6990021000 rw-p 00000000 00:00 0 
7f6990021000-7f6994000000 ---p 00000000 00:00 0 
7f6994000000-7f6994021000 rw-p 00000000 00:00 0 
7f6994021000-7f6998000000 ---p 00000000 00:00 0 
7f69986e7000-7f6998aeb000 rw-p 00000000 00:00 0 
7f6998aeb000-7f6998aec000 ---p 00000000 00:00 0 
7f6998aec000-7f6998bed000 rw-p 00000000 00:00 0 
7f6998bed000-7f6998bee000 ---p 00000000 00:00 0 
7f6998bee000-7f6998cef000 rw-p 00000000 00:00 0 
7f6998cef000-7f699b721000 ---p 00000000 00:00 0 
7f699b721000-7f699bb25000 rw-p 00000000 00:00 0 
7f699bb25000-7f699bd95000 rwxp 00000000 00:00 0 
7f699bd95000-7f699c0b5000 ---p 00000000 00:00 0 
7f699c0b5000-7f699c325000 rwxp 00000000 00:00 0 
7f699c325000-7f69a35ed000 ---p 00000000 00:00 0 
7f69a35ed000-7f69a385d000 rwxp 00000000 00:00 0 
7f69a385d000-7f69aab25000 ---p 00000000 00:00 0 
7f69aab25000-7f69b4000000 r--s 00000000 08:01 4595355                    /usr/lib/jvm/java-11-openjdk-amd64/lib/modules
7f69b4000000-7f69b406f000 rw-p 00000000 00:00 0 
7f69b406f000-7f69b8000000 ---p 00000000 00:00 0 
7f69b805e000-7f69b805f000 ---p 00000000 00:00 0 
7f69b805f000-7f69b8160000 rw-p 00000000 00:00 0 
7f69b8160000-7f69b8161000 ---p 00000000 00:00 0 
7f69b8161000-7f69b8262000 rw-p 00000000 00:00 0 
7f69b8262000-7f69b8263000 ---p 00000000 00:00 0 
7f69b8263000-7f69b8364000 rw-p 00000000 00:00 0 
7f69b8364000-7f69b8365000 ---p 00000000 00:00 0 
7f69b8365000-7f69b846b000 rw-p 00000000 00:00 0 
7f69b846b000-7f69b8551000 ---p 00000000 00:00 0 
7f69b8551000-7f69b8556000 rw-p 00000000 00:00 0 
7f69b8556000-7f69b863c000 ---p 00000000 00:00 0 
7f69b863c000-7f69b8641000 r-xp 00000000 08:01 4595337                    /usr/lib/jvm/java-11-openjdk-amd64/lib/libjimage.so
7f69b8641000-7f69b8840000 ---p 00005000 08:01 4595337                    /usr/lib/jvm/java-11-openjdk-amd64/lib/libjimage.so
7f69b8840000-7f69b8841000 r--p 00004000 08:01 4595337                    /usr/lib/jvm/java-11-openjdk-amd64/lib/libjimage.so
7f69b8841000-7f69b8842000 rw-p 00005000 08:01 4595337                    /usr/lib/jvm/java-11-openjdk-amd64/lib/libjimage.so
7f69b8842000-7f69b8849000 r-xp 00000000 08:01 4595354                    /usr/lib/jvm/java-11-openjdk-amd64/lib/libzip.so
7f69b8849000-7f69b8a48000 ---p 00007000 08:01 4595354                    /usr/lib/jvm/java-11-openjdk-amd64/lib/libzip.so
7f69b8a48000-7f69b8a49000 r--p 00006000 08:01 4595354                    /usr/lib/jvm/java-11-openjdk-amd64/lib/libzip.so
7f69b8a49000-7f69b8a4a000 rw-p 00007000 08:01 4595354                    /usr/lib/jvm/java-11-openjdk-amd64/lib/libzip.so
7f69b8a4a000-7f69b8a55000 r-xp 00000000 08:01 5772105                    /lib/x86_64-linux-gnu/libnss_files-2.27.so
7f69b8a55000-7f69b8c54000 ---p 0000b000 08:01 5772105                    /lib/x86_64-linux-gnu/libnss_files-2.27.so
7f69b8c54000-7f69b8c55000 r--p 0000a000 08:01 5772105                    /lib/x86_64-linux-gnu/libnss_files-2.27.so
7f69b8c55000-7f69b8c56000 rw-p 0000b000 08:01 5772105                    /lib/x86_64-linux-gnu/libnss_files-2.27.so
7f69b8c56000-7f69b8c5c000 rw-p 00000000 00:00 0 
7f69b8c5c000-7f69b8c73000 r-xp 00000000 08:01 5772099                    /lib/x86_64-linux-gnu/libnsl-2.27.so
7f69b8c73000-7f69b8e72000 ---p 00017000 08:01 5772099                    /lib/x86_64-linux-gnu/libnsl-2.27.so
7f69b8e72000-7f69b8e73000 r--p 00016000 08:01 5772099                    /lib/x86_64-linux-gnu/libnsl-2.27.so
7f69b8e73000-7f69b8e74000 rw-p 00017000 08:01 5772099                    /lib/x86_64-linux-gnu/libnsl-2.27.so
7f69b8e74000-7f69b8e76000 rw-p 00000000 00:00 0 
7f69b8e76000-7f69b8e81000 r-xp 00000000 08:01 5772116                    /lib/x86_64-linux-gnu/libnss_nis-2.27.so
7f69b8e81000-7f69b9080000 ---p 0000b000 08:01 5772116                    /lib/x86_64-linux-gnu/libnss_nis-2.27.so
7f69b9080000-7f69b9081000 r--p 0000a000 08:01 5772116                    /lib/x86_64-linux-gnu/libnss_nis-2.27.so
7f69b9081000-7f69b9082000 rw-p 0000b000 08:01 5772116                    /lib/x86_64-linux-gnu/libnss_nis-2.27.so
7f69b9082000-7f69b908a000 r-xp 00000000 08:01 5772101                    /lib/x86_64-linux-gnu/libnss_compat-2.27.so
7f69b908a000-7f69b928a000 ---p 00008000 08:01 5772101                    /lib/x86_64-linux-gnu/libnss_compat-2.27.so
7f69b928a000-7f69b928b000 r--p 00008000 08:01 5772101                    /lib/x86_64-linux-gnu/libnss_compat-2.27.so
7f69b928b000-7f69b928c000 rw-p 00009000 08:01 5772101                    /lib/x86_64-linux-gnu/libnss_compat-2.27.so
7f69b928c000-7f69b92b8000 r-xp 00000000 08:01 4595333                    /usr/lib/jvm/java-11-openjdk-amd64/lib/libjava.so
7f69b92b8000-7f69b94b7000 ---p 0002c000 08:01 4595333                    /usr/lib/jvm/java-11-openjdk-amd64/lib/libjava.so
7f69b94b7000-7f69b94b8000 r--p 0002b000 08:01 4595333                    /usr/lib/jvm/java-11-openjdk-amd64/lib/libjava.so
7f69b94b8000-7f69b94ba000 rw-p 0002c000 08:01 4595333                    /usr/lib/jvm/java-11-openjdk-amd64/lib/libjava.so
7f69b94ba000-7f69b94c7000 r-xp 00000000 08:01 4595353                    /usr/lib/jvm/java-11-openjdk-amd64/lib/libverify.so
7f69b94c7000-7f69b96c6000 ---p 0000d000 08:01 4595353                    /usr/lib/jvm/java-11-openjdk-amd64/lib/libverify.so
7f69b96c6000-7f69b96c8000 r--p 0000c000 08:01 4595353                    /usr/lib/jvm/java-11-openjdk-amd64/lib/libverify.so
7f69b96c8000-7f69b96c9000 rw-p 0000e000 08:01 4595353                    /usr/lib/jvm/java-11-openjdk-amd64/lib/libverify.so
7f69b96c9000-7f69b96d0000 r-xp 00000000 08:01 5772156                    /lib/x86_64-linux-gnu/librt-2.27.so
7f69b96d0000-7f69b98cf000 ---p 00007000 08:01 5772156                    /lib/x86_64-linux-gnu/librt-2.27.so
7f69b98cf000-7f69b98d0000 r--p 00006000 08:01 5772156                    /lib/x86_64-linux-gnu/librt-2.27.so
7f69b98d0000-7f69b98d1000 rw-p 00007000 08:01 5772156                    /lib/x86_64-linux-gnu/librt-2.27.so
7f69b98d1000-7f69b98e8000 r-xp 00000000 08:01 5771890                    /lib/x86_64-linux-gnu/libgcc_s.so.1
7f69b98e8000-7f69b9ae7000 ---p 00017000 08:01 5771890                    /lib/x86_64-linux-gnu/libgcc_s.so.1
7f69b9ae7000-7f69b9ae8000 r--p 00016000 08:01 5771890                    /lib/x86_64-linux-gnu/libgcc_s.so.1
7f69b9ae8000-7f69b9ae9000 rw-p 00017000 08:01 5771890                    /lib/x86_64-linux-gnu/libgcc_s.so.1
7f69b9ae9000-7f69b9c86000 r-xp 00000000 08:01 5772078                    /lib/x86_64-linux-gnu/libm-2.27.so
7f69b9c86000-7f69b9e85000 ---p 0019d000 08:01 5772078                    /lib/x86_64-linux-gnu/libm-2.27.so
7f69b9e85000-7f69b9e86000 r--p 0019c000 08:01 5772078                    /lib/x86_64-linux-gnu/libm-2.27.so
7f69b9e86000-7f69b9e87000 rw-p 0019d000 08:01 5772078                    /lib/x86_64-linux-gnu/libm-2.27.so
7f69b9e87000-7f69ba000000 r-xp 00000000 08:01 4197276                    /usr/lib/x86_64-linux-gnu/libstdc++.so.6.0.25
7f69ba000000-7f69ba200000 ---p 00179000 08:01 4197276                    /usr/lib/x86_64-linux-gnu/libstdc++.so.6.0.25
7f69ba200000-7f69ba20a000 r--p 00179000 08:01 4197276                    /usr/lib/x86_64-linux-gnu/libstdc++.so.6.0.25
7f69ba20a000-7f69ba20c000 rw-p 00183000 08:01 4197276                    /usr/lib/x86_64-linux-gnu/libstdc++.so.6.0.25
7f69ba20c000-7f69ba210000 rw-p 00000000 00:00 0 
7f69ba210000-7f69bb1ad000 r-xp 00000000 08:01 4987976                    /usr/lib/jvm/java-11-openjdk-amd64/lib/server/libjvm.so
7f69bb1ad000-7f69bb3ad000 ---p 00f9d000 08:01 4987976                    /usr/lib/jvm/java-11-openjdk-amd64/lib/server/libjvm.so
7f69bb3ad000-7f69bb471000 r--p 00f9d000 08:01 4987976                    /usr/lib/jvm/java-11-openjdk-amd64/lib/server/libjvm.so
7f69bb471000-7f69bb4a9000 rw-p 01061000 08:01 4987976                    /usr/lib/jvm/java-11-openjdk-amd64/lib/server/libjvm.so
7f69bb4a9000-7f69bb4f2000 rw-p 00000000 00:00 0 
7f69bb4f2000-7f69bb50c000 r-xp 00000000 08:01 5772148                    /lib/x86_64-linux-gnu/libpthread-2.27.so
7f69bb50c000-7f69bb70b000 ---p 0001a000 08:01 5772148                    /lib/x86_64-linux-gnu/libpthread-2.27.so
7f69bb70b000-7f69bb70c000 r--p 00019000 08:01 5772148                    /lib/x86_64-linux-gnu/libpthread-2.27.so
7f69bb70c000-7f69bb70d000 rw-p 0001a000 08:01 5772148                    /lib/x86_64-linux-gnu/libpthread-2.27.so
7f69bb70d000-7f69bb711000 rw-p 00000000 00:00 0 
7f69bb711000-7f69bb714000 r-xp 00000000 08:01 5772038                    /lib/x86_64-linux-gnu/libdl-2.27.so
7f69bb714000-7f69bb913000 ---p 00003000 08:01 5772038                    /lib/x86_64-linux-gnu/libdl-2.27.so
7f69bb913000-7f69bb914000 r--p 00002000 08:01 5772038                    /lib/x86_64-linux-gnu/libdl-2.27.so
7f69bb914000-7f69bb915000 rw-p 00003000 08:01 5772038                    /lib/x86_64-linux-gnu/libdl-2.27.so
7f69bb915000-7f69bb931000 r-xp 00000000 08:01 5772187                    /lib/x86_64-linux-gnu/libz.so.1.2.11
7f69bb931000-7f69bbb30000 ---p 0001c000 08:01 5772187                    /lib/x86_64-linux-gnu/libz.so.1.2.11
7f69bbb30000-7f69bbb31000 r--p 0001b000 08:01 5772187                    /lib/x86_64-linux-gnu/libz.so.1.2.11
7f69bbb31000-7f69bbb32000 rw-p 0001c000 08:01 5772187                    /lib/x86_64-linux-gnu/libz.so.1.2.11
7f69bbb32000-7f69bbd19000 r-xp 00000000 08:01 5772015                    /lib/x86_64-linux-gnu/libc-2.27.so
7f69bbd19000-7f69bbf19000 ---p 001e7000 08:01 5772015                    /lib/x86_64-linux-gnu/libc-2.27.so
7f69bbf19000-7f69bbf1d000 r--p 001e7000 08:01 5772015                    /lib/x86_64-linux-gnu/libc-2.27.so
7f69bbf1d000-7f69bbf1f000 rw-p 001eb000 08:01 5772015                    /lib/x86_64-linux-gnu/libc-2.27.so
7f69bbf1f000-7f69bbf23000 rw-p 00000000 00:00 0 
7f69bbf23000-7f69bbf32000 r-xp 00000000 08:01 4987971                    /usr/lib/jvm/java-11-openjdk-amd64/lib/jli/libjli.so
7f69bbf32000-7f69bc131000 ---p 0000f000 08:01 4987971                    /usr/lib/jvm/java-11-openjdk-amd64/lib/jli/libjli.so
7f69bc131000-7f69bc132000 r--p 0000e000 08:01 4987971                    /usr/lib/jvm/java-11-openjdk-amd64/lib/jli/libjli.so
7f69bc132000-7f69bc133000 rw-p 0000f000 08:01 4987971                    /usr/lib/jvm/java-11-openjdk-amd64/lib/jli/libjli.so
7f69bc133000-7f69bc15a000 r-xp 00000000 08:01 5771987                    /lib/x86_64-linux-gnu/ld-2.27.so
7f69bc181000-7f69bc23f000 rw-p 00000000 00:00 0 
7f69bc23f000-7f69bc243000 ---p 00000000 00:00 0 
7f69bc243000-7f69bc347000 rw-p 00000000 00:00 0 
7f69bc347000-7f69bc34e000 ---p 00000000 00:00 0 
7f69bc34e000-7f69bc356000 rw-s 00000000 08:01 5769256                    /tmp/hsperfdata_excilys/15333
7f69bc356000-7f69bc357000 ---p 00000000 00:00 0 
7f69bc357000-7f69bc358000 r--p 00000000 00:00 0 
7f69bc358000-7f69bc35a000 rw-p 00000000 00:00 0 
7f69bc35a000-7f69bc35b000 r--p 00027000 08:01 5771987                    /lib/x86_64-linux-gnu/ld-2.27.so
7f69bc35b000-7f69bc35c000 rw-p 00028000 08:01 5771987                    /lib/x86_64-linux-gnu/ld-2.27.so
7f69bc35c000-7f69bc35d000 rw-p 00000000 00:00 0 
7ffc6264c000-7ffc6266d000 rw-p 00000000 00:00 0                          [stack]
7ffc62751000-7ffc62754000 r--p 00000000 00:00 0                          [vvar]
7ffc62754000-7ffc62756000 r-xp 00000000 00:00 0                          [vdso]
ffffffffff600000-ffffffffff601000 r-xp 00000000 00:00 0                  [vsyscall]


VM Arguments:
jvm_args: -Dfile.encoding=UTF-8 
java_command: app.projetCdb.App
java_class_path (initial): /home/excilys/cdb/projetCdb/target/classes:/home/excilys/cdb/projetCdb/target/test-classes:/home/excilys/.p2/pool/plugins/org.junit.jupiter.api_5.3.1.v20181005-1442.jar:/home/excilys/.p2/pool/plugins/org.junit.jupiter.engine_5.3.1.v20181005-1442.jar:/home/excilys/.p2/pool/plugins/org.junit.jupiter.migrationsupport_5.3.1.v20181005-1442.jar:/home/excilys/.p2/pool/plugins/org.junit.jupiter.params_5.3.1.v20181005-1442.jar:/home/excilys/.p2/pool/plugins/org.junit.platform.commons_1.3.1.v20181005-1442.jar:/home/excilys/.p2/pool/plugins/org.junit.platform.engine_1.3.1.v20181005-1442.jar:/home/excilys/.p2/pool/plugins/org.junit.platform.launcher_1.3.1.v20181005-1442.jar:/home/excilys/.p2/pool/plugins/org.junit.platform.runner_1.3.1.v20181005-1442.jar:/home/excilys/.p2/pool/plugins/org.junit.platform.suite.api_1.3.1.v20181005-1442.jar:/home/excilys/.p2/pool/plugins/org.junit.vintage.engine_5.3.1.v20181005-1442.jar:/home/excilys/.p2/pool/plugins/org.opentest4j_1.1.1.v20181005-1442.jar:/home/excilys/.p2/pool/plugins/org.apiguardian_1.0.0.v20181005-1442.jar:/home/excilys/.p2/pool/plugins/org.junit_4.12.0.v201504281640/junit.jar:/home/excilys/.p2/pool/plugins/org.hamcrest.core_1.3.0.v20180420-1519.jar:/home/excilys/cdb/mysql-connector-java-8.0.15.jar
Launcher Type: SUN_STANDARD

Logging:
Log output configuration:
#0: stdout all=warning uptime,level,tags
#1: stderr all=off uptime,level,tags

Environment Variables:
PATH=/usr/local/sbin:/usr/local/bin:/usr/sbin:/usr/bin:/sbin:/bin:/usr/games:/usr/local/games:/snap/bin
USERNAME=excilys
SHELL=/bin/bash
DISPLAY=:0

Signal Handlers:
SIGSEGV: [libjvm.so+0xd28b70], sa_mask[0]=11111111011111111101111111111110, sa_flags=SA_RESTART|SA_SIGINFO
SIGBUS: [libjvm.so+0xd28b70], sa_mask[0]=11111111011111111101111111111110, sa_flags=SA_RESTART|SA_SIGINFO
SIGFPE: [libjvm.so+0xd28b70], sa_mask[0]=11111111011111111101111111111110, sa_flags=SA_RESTART|SA_SIGINFO
SIGPIPE: [libjvm.so+0xb2a1f0], sa_mask[0]=11111111011111111101111111111110, sa_flags=SA_RESTART|SA_SIGINFO
SIGXFSZ: [libjvm.so+0xb2a1f0], sa_mask[0]=11111111011111111101111111111110, sa_flags=SA_RESTART|SA_SIGINFO
SIGILL: [libjvm.so+0xd28b70], sa_mask[0]=11111111011111111101111111111110, sa_flags=SA_RESTART|SA_SIGINFO
SIGUSR2: [libjvm.so+0xb2a030], sa_mask[0]=00100000000000000000000000000000, sa_flags=SA_RESTART|SA_SIGINFO
SIGHUP: SIG_DFL, sa_mask[0]=00000000000000000000000000000000, sa_flags=none
SIGINT: SIG_DFL, sa_mask[0]=00000000000000000000000000000000, sa_flags=none
SIGTERM: SIG_DFL, sa_mask[0]=00000000000000000000000000000000, sa_flags=none
SIGQUIT: SIG_DFL, sa_mask[0]=00000000000000000000000000000000, sa_flags=none


---------------  S Y S T E M  ---------------

OS:DISTRIB_ID=Ubuntu
DISTRIB_RELEASE=18.04
DISTRIB_CODENAME=bionic
DISTRIB_DESCRIPTION="Ubuntu 18.04.2 LTS"
uname:Linux 4.15.0-45-generic #48-Ubuntu SMP Tue Jan 29 16:28:13 UTC 2019 x86_64
libc:glibc 2.27 NPTL 2.27 
rlimit: STACK 8192k, CORE 0k, NPROC 31166, NOFILE 1048576, AS infinity, DATA infinity, FSIZE infinity
load average:5.12 3.46 2.01

/proc/meminfo:
MemTotal:        8039088 kB
MemFree:          103780 kB
MemAvailable:      28308 kB
Buffers:            1108 kB
Cached:           733004 kB
SwapCached:            8 kB
Active:          6681288 kB
Inactive:         853144 kB
Active(anon):    6642416 kB
Inactive(anon):   830896 kB
Active(file):      38872 kB
Inactive(file):    22248 kB
Unevictable:          64 kB
Mlocked:              64 kB
SwapTotal:       2097148 kB
SwapFree:              0 kB
Dirty:                20 kB
Writeback:             0 kB
AnonPages:       6801148 kB
Mapped:            71056 kB
Shmem:            672348 kB
Slab:             141668 kB
SReclaimable:      57368 kB
SUnreclaim:        84300 kB
KernelStack:       28528 kB
PageTables:       130052 kB
NFS_Unstable:          0 kB
Bounce:                0 kB
WritebackTmp:          0 kB
CommitLimit:     6116692 kB
Committed_AS:   27587876 kB
VmallocTotal:   34359738367 kB
VmallocUsed:           0 kB
VmallocChunk:          0 kB
HardwareCorrupted:     0 kB
AnonHugePages:      4096 kB
ShmemHugePages:        0 kB
ShmemPmdMapped:        0 kB
CmaTotal:              0 kB
CmaFree:               0 kB
HugePages_Total:       0
HugePages_Free:        0
HugePages_Rsvd:        0
HugePages_Surp:        0
Hugepagesize:       2048 kB
DirectMap4k:      452280 kB
DirectMap2M:     7806976 kB

container (cgroup) information:
container_type: cgroupv1
cpu_cpuset_cpus: 0-3
cpu_memory_nodes: 0
active_processor_count: 4
cpu_quota: -1
cpu_period: 100000
cpu_shares: -1
memory_limit_in_bytes: -1
memory_and_swap_limit_in_bytes: -2
memory_soft_limit_in_bytes: -1
memory_usage_in_bytes: 7716384768
memory_max_usage_in_bytes: 704446464


CPU:total 4 (initial active 4) (2 cores per cpu, 2 threads per core) family 6 model 58 stepping 9, cmov, cx8, fxsr, mmx, sse, sse2, sse3, ssse3, sse4.1, sse4.2, popcnt, avx, aes, clmul, erms, ht, tsc, tscinvbit, tscinv
CPU Model and flags from /proc/cpuinfo:
model name	: Intel(R) Core(TM) i5-3320M CPU @ 2.60GHz
flags		: fpu vme de pse tsc msr pae mce cx8 apic sep mtrr pge mca cmov pat pse36 clflush dts acpi mmx fxsr sse sse2 ss ht tm pbe syscall nx rdtscp lm constant_tsc arch_perfmon pebs bts rep_good nopl xtopology nonstop_tsc cpuid aperfmperf pni pclmulqdq dtes64 monitor ds_cpl vmx smx est tm2 ssse3 cx16 xtpr pdcm pcid sse4_1 sse4_2 x2apic popcnt tsc_deadline_timer aes xsave avx f16c rdrand lahf_lm cpuid_fault epb pti ssbd ibrs ibpb stibp tpr_shadow vnmi flexpriority ept vpid fsgsbase smep erms xsaveopt dtherm ida arat pln pts flush_l1d

Memory: 4k page, physical 8039088k(102604k free), swap 2097148k(0k free)

vm_info: OpenJDK 64-Bit Server VM (10.0.2+13-Ubuntu-1ubuntu0.18.04.4) for linux-amd64 JRE (10.0.2+13-Ubuntu-1ubuntu0.18.04.4), built on Nov 13 2018 12:53:39 by "buildd" with gcc 7.3.0

END.
